2025-05-05 18:44:47,747 [INFO] Starting crypto listings fetcher.
2025-05-05 18:44:47,747 [INFO] Starting fetch cycle.
2025-05-05 18:44:47,747 [INFO] Fetching data from Binance
2025-05-05 18:44:47,747 [INFO] Fetching upcoming listings from Binance announcements...
2025-05-05 18:44:47,863 [INFO] Fetching data from Bybit
2025-05-05 18:44:47,863 [INFO] Fetching upcoming listings from Bybit...
2025-05-05 18:44:48,612 [INFO] Found 0 total Bybit announcements
2025-05-05 18:44:48,612 [INFO] Fetching data from OKX
2025-05-05 18:44:48,612 [INFO] Fetching upcoming listings from OKX...
2025-05-05 18:44:48,935 [INFO] OKX: раздел листингов временно недоступен (404)
2025-05-05 18:44:48,935 [INFO] Fetching data from Bitget
2025-05-05 18:44:48,935 [INFO] Fetching upcoming listings from Bitget...
2025-05-05 18:44:49,030 [ERROR] Failed to fetch Bitget announcements: 403 Client Error: Forbidden for url: https://www.bitget.com/en/support/announcement?c=list
2025-05-05 18:44:49,032 [INFO] Sleeping for 60 seconds...

2025-05-05 18:46:59,661 [INFO] Starting crypto listings fetcher.
2025-05-05 18:46:59,661 [INFO] Starting fetch cycle.
2025-05-05 18:46:59,661 [INFO] Fetching data from Binance
2025-05-05 18:46:59,661 [INFO] Fetching upcoming listings from Binance announcements...
2025-05-05 18:46:59,798 [INFO] Fetching data from Bybit
2025-05-05 18:46:59,798 [INFO] Fetching upcoming listings from Bybit...
2025-05-05 18:47:00,576 [INFO] Found 0 total Bybit announcements
2025-05-05 18:47:00,576 [INFO] Fetching data from OKX
2025-05-05 18:47:00,576 [INFO] Fetching upcoming listings from OKX...
2025-05-05 18:47:01,325 [INFO] Found 0 total OKX announcements
2025-05-05 18:47:01,325 [INFO] Fetching data from Bitget
2025-05-05 18:47:01,325 [INFO] Fetching upcoming listings from Bitget...
2025-05-05 18:47:01,465 [ERROR] Failed to fetch Bitget announcements: 403 Client Error: Forbidden for url: https://www.bitget.com/en/support/announcement?c=list
2025-05-05 18:47:01,481 [INFO] Sleeping for 60 seconds...

2025-05-05 18:48:14,995 [INFO] Starting crypto listings fetcher.
2025-05-05 18:48:14,996 [INFO] Starting fetch cycle.
2025-05-05 18:48:14,996 [INFO] Fetching data from Binance
2025-05-05 18:48:14,997 [INFO] Fetching upcoming listings from Binance announcements...
2025-05-05 18:48:15,121 [INFO] Fetching data from Bybit
2025-05-05 18:48:15,122 [INFO] Fetching upcoming listings from Bybit...
2025-05-05 18:48:15,858 [INFO] Found 0 total Bybit announcements
2025-05-05 18:48:15,858 [INFO] Fetching data from OKX
2025-05-05 18:48:15,858 [INFO] Fetching upcoming listings from OKX...
2025-05-05 18:48:16,248 [INFO] Found 0 total OKX announcements
2025-05-05 18:48:16,248 [INFO] Fetching data from Bitget
2025-05-05 18:48:16,248 [INFO] Fetching upcoming listings from Bitget...
2025-05-05 18:48:16,641 [ERROR] Bitget fetch error: 404 Client Error: Not Found for url: https://api.bitget.com/api/spot/v1/market/listings
2025-05-05 18:48:16,641 [INFO] Sleeping for 60 seconds...

2025-05-05 18:49:06,592 [INFO] Starting crypto listings fetcher.
2025-05-05 18:49:06,592 [INFO] Starting fetch cycle.
2025-05-05 18:49:06,592 [INFO] Fetching data from Binance
2025-05-05 18:49:06,592 [INFO] Fetching upcoming listings from Binance announcements...
2025-05-05 18:49:06,724 [INFO] Fetching data from Bybit
2025-05-05 18:49:06,724 [INFO] Fetching upcoming listings from Bybit...
2025-05-05 18:49:07,732 [INFO] Found 0 total Bybit announcements
2025-05-05 18:49:07,732 [INFO] Fetching data from OKX
2025-05-05 18:49:07,733 [INFO] Fetching upcoming listings from OKX...
2025-05-05 18:49:08,462 [INFO] Found 0 total OKX announcements
2025-05-05 18:49:08,462 [INFO] Fetching data from Bitget
2025-05-05 18:49:08,462 [INFO] Fetching upcoming listings from Bitget...
2025-05-05 18:49:08,818 [ERROR] Bitget fetch error: 404 Client Error: Not Found for url: https://api.bitget.com/api/v1/market/announcements
2025-05-05 18:49:08,818 [INFO] Sleeping for 60 seconds...

2025-05-05 18:49:54,426 [INFO] Starting crypto listings fetcher.
2025-05-05 18:49:54,440 [INFO] Starting fetch cycle.
2025-05-05 18:49:54,440 [INFO] Fetching data from Binance
2025-05-05 18:49:54,440 [INFO] Fetching upcoming listings from Binance announcements...
2025-05-05 18:49:54,541 [INFO] Fetching data from Bybit
2025-05-05 18:49:54,541 [INFO] Fetching upcoming listings from Bybit...
2025-05-05 18:49:55,351 [INFO] Found 0 total Bybit announcements
2025-05-05 18:49:55,351 [INFO] Fetching data from OKX
2025-05-05 18:49:55,351 [INFO] Fetching upcoming listings from OKX...
2025-05-05 18:49:55,733 [INFO] Found 0 total OKX announcements
2025-05-05 18:49:55,733 [INFO] Fetching data from Bitget
2025-05-05 18:49:55,733 [INFO] Fetching upcoming listings from Bitget...
2025-05-05 18:49:57,057 [ERROR] Bitget API error: success
2025-05-05 18:49:57,057 [INFO] Sleeping for 60 seconds...

2025-05-05 18:50:46,864 [INFO] Starting crypto listings fetcher.
2025-05-05 18:50:46,864 [INFO] Starting fetch cycle.
2025-05-05 18:50:46,865 [INFO] Fetching data from Binance
2025-05-05 18:50:46,865 [INFO] Fetching upcoming listings from Binance announcements...
2025-05-05 18:50:46,995 [INFO] Fetching data from Bybit
2025-05-05 18:50:46,995 [INFO] Fetching upcoming listings from Bybit...
2025-05-05 18:50:47,728 [INFO] Found 0 total Bybit announcements
2025-05-05 18:50:47,728 [INFO] Fetching data from OKX
2025-05-05 18:50:47,728 [INFO] Fetching upcoming listings from OKX...
2025-05-05 18:50:48,109 [INFO] Found 0 total OKX announcements
2025-05-05 18:50:48,109 [INFO] Fetching data from Bitget
2025-05-05 18:50:48,109 [INFO] Fetching upcoming listings from Bitget...
2025-05-05 18:50:49,430 [ERROR] Bitget API returned an error: success
2025-05-05 18:50:49,430 [INFO] Sleeping for 60 seconds...

2025-05-05 18:51:40,689 [INFO] Starting crypto listings fetcher.
2025-05-05 18:51:40,689 [INFO] Starting fetch cycle.
2025-05-05 18:51:40,689 [INFO] Fetching data from Binance
2025-05-05 18:51:40,689 [INFO] Fetching upcoming listings from Binance announcements...
2025-05-05 18:51:40,819 [INFO] Fetching data from Bybit
2025-05-05 18:51:40,820 [INFO] Fetching upcoming listings from Bybit...
2025-05-05 18:51:41,413 [INFO] Found 0 total Bybit announcements
2025-05-05 18:51:41,428 [INFO] Fetching data from OKX
2025-05-05 18:51:41,428 [INFO] Fetching upcoming listings from OKX...
2025-05-05 18:51:42,113 [INFO] Found 0 total OKX announcements
2025-05-05 18:51:42,113 [INFO] Fetching data from Bitget
2025-05-05 18:51:42,113 [INFO] Fetching upcoming listings from Bitget...
2025-05-05 18:51:42,511 [ERROR] Bitget fetch error: 404 Client Error: Not Found for url: https://api.bitget.com/api/spot/v1/market/list
2025-05-05 18:51:42,511 [INFO] Sleeping for 60 seconds...

2025-05-05 18:53:36,407 [INFO] Starting crypto listings fetcher.
2025-05-05 18:53:36,407 [INFO] Starting fetch cycle.
2025-05-05 18:53:36,407 [INFO] Fetching data from Binance
2025-05-05 18:53:36,407 [INFO] Fetching upcoming listings from Binance announcements...
2025-05-05 18:53:36,534 [INFO] Fetching data from Bybit
2025-05-05 18:53:36,535 [INFO] Fetching upcoming listings from Bybit...
2025-05-05 18:53:37,100 [INFO] Found 0 total Bybit announcements
2025-05-05 18:53:37,101 [INFO] Fetching data from OKX
2025-05-05 18:53:37,101 [INFO] Fetching upcoming listings from OKX...
2025-05-05 18:53:37,461 [INFO] Found 0 total OKX announcements
2025-05-05 18:53:37,462 [INFO] Fetching data from Bitget
2025-05-05 18:53:37,845 [ERROR] Bitget fetch error: 404 Client Error: Not Found for url: https://api.bitget.com/api/spot/v1/market/list
2025-05-05 18:53:37,848 [INFO] Sleeping for 60 seconds...

2025-05-05 18:54:36,978 [INFO] Starting crypto listings fetcher.
2025-05-05 18:54:36,978 [INFO] Starting fetch cycle.
2025-05-05 18:54:36,978 [INFO] Fetching data from Binance
2025-05-05 18:54:36,978 [INFO] Fetching upcoming listings from Binance announcements...
2025-05-05 18:54:37,091 [INFO] Fetching data from Bybit
2025-05-05 18:54:37,091 [INFO] Fetching upcoming listings from Bybit...
2025-05-05 18:54:37,838 [INFO] Found 0 total Bybit announcements
2025-05-05 18:54:37,838 [INFO] Fetching data from OKX
2025-05-05 18:54:37,838 [INFO] Fetching upcoming listings from OKX...
2025-05-05 18:54:38,542 [INFO] Found 0 total OKX announcements
2025-05-05 18:54:38,543 [INFO] Fetching data from Bitget
2025-05-05 18:54:38,953 [ERROR] Bitget fetch error: 404 Client Error: Not Found for url: https://api.bitget.com/api/spot/v1/market/symbols
2025-05-05 18:54:38,953 [INFO] Sleeping for 60 seconds...

2025-05-05 18:56:55,832 [INFO] Starting crypto listings fetcher.
2025-05-05 18:56:55,833 [INFO] Starting fetch cycle.
2025-05-05 18:56:55,833 [INFO] Fetching data from Binance
2025-05-05 18:56:55,833 [INFO] Fetching upcoming listings from Binance announcements...
2025-05-05 18:56:55,958 [INFO] Fetching data from Bybit
2025-05-05 18:56:55,959 [INFO] Fetching upcoming listings from Bybit...
2025-05-05 18:56:56,712 [INFO] Found 0 total Bybit announcements
2025-05-05 18:56:56,713 [INFO] Fetching data from OKX
2025-05-05 18:56:56,714 [INFO] Fetching upcoming listings from OKX...
2025-05-05 18:56:57,438 [INFO] Found 0 total OKX announcements
2025-05-05 18:56:57,440 [INFO] Fetching data from Bitget
2025-05-05 18:56:57,440 [INFO] Fetching upcoming listings from Bitget...
2025-05-05 18:56:57,774 [INFO] Sleeping for 60 seconds...

2025-05-05 19:14:36,059 [INFO] Starting crypto listings fetcher.
2025-05-05 19:14:36,068 [INFO] Starting fetch cycle.
2025-05-05 19:14:36,070 [INFO] Fetching data from Binance
2025-05-05 19:14:36,070 [INFO] Fetching upcoming listings from Binance announcements...
2025-05-05 19:14:36,304 [INFO] Fetching data from Bybit
2025-05-05 19:14:36,304 [INFO] Fetching upcoming listings from Bybit...
2025-05-05 19:14:37,198 [INFO] Found 0 total Bybit announcements
2025-05-05 19:14:37,207 [INFO] Fetching data from OKX
2025-05-05 19:14:37,208 [INFO] Fetching upcoming listings from OKX...
2025-05-05 19:14:37,971 [INFO] Found 0 total OKX announcements
2025-05-05 19:14:37,972 [INFO] Fetching data from Bitget
2025-05-05 19:14:37,972 [INFO] Fetching upcoming listings from Bitget...
2025-05-05 19:14:38,370 [INFO] Sleeping for 60 seconds...

2025-05-05 19:15:38,371 [INFO] Starting fetch cycle.
2025-05-05 19:15:38,371 [INFO] Fetching data from Binance
2025-05-05 19:15:38,371 [INFO] Fetching upcoming listings from Binance announcements...
2025-05-05 19:15:38,470 [INFO] Fetching data from Bybit
2025-05-05 19:15:38,470 [INFO] Fetching upcoming listings from Bybit...
2025-05-05 19:15:39,327 [INFO] Found 0 total Bybit announcements
2025-05-05 19:15:39,328 [INFO] Fetching data from OKX
2025-05-05 19:15:39,329 [INFO] Fetching upcoming listings from OKX...
2025-05-05 19:15:39,695 [INFO] Found 0 total OKX announcements
2025-05-05 19:15:39,697 [INFO] Fetching data from Bitget
2025-05-05 19:15:39,697 [INFO] Fetching upcoming listings from Bitget...
2025-05-05 19:15:40,796 [INFO] Sleeping for 60 seconds...

2025-05-05 19:16:06,826 [INFO] Starting crypto listings fetcher.
2025-05-05 19:16:06,826 [INFO] Starting fetch cycle.
2025-05-05 19:16:07,028 [INFO] Message sent successfully to Telegram
2025-05-05 19:16:07,028 [INFO] Fetching data from Binance
2025-05-05 19:16:07,028 [INFO] Fetching upcoming listings from Binance announcements...
2025-05-05 19:16:07,127 [INFO] Fetching data from Bybit
2025-05-05 19:16:07,127 [INFO] Fetching upcoming listings from Bybit...
2025-05-05 19:16:07,878 [INFO] Found 0 total Bybit announcements
2025-05-05 19:16:07,878 [INFO] Fetching data from OKX
2025-05-05 19:16:07,878 [INFO] Fetching upcoming listings from OKX...
2025-05-05 19:16:08,227 [INFO] Found 0 total OKX announcements
2025-05-05 19:16:08,227 [INFO] Fetching data from Bitget
2025-05-05 19:16:08,227 [INFO] Fetching upcoming listings from Bitget...
2025-05-05 19:16:08,601 [INFO] Sleeping for 60 seconds...

2025-05-05 19:17:08,602 [INFO] Starting fetch cycle.
2025-05-05 19:17:08,783 [INFO] Message sent successfully to Telegram
2025-05-05 19:17:08,783 [INFO] Fetching data from Binance
2025-05-05 19:17:08,783 [INFO] Fetching upcoming listings from Binance announcements...
2025-05-05 19:17:08,879 [INFO] Fetching data from Bybit
2025-05-05 19:17:08,879 [INFO] Fetching upcoming listings from Bybit...
2025-05-05 19:17:09,499 [INFO] Found 0 total Bybit announcements
2025-05-05 19:17:09,499 [INFO] Fetching data from OKX
2025-05-05 19:17:09,507 [INFO] Fetching upcoming listings from OKX...
2025-05-05 19:17:10,330 [INFO] Found 0 total OKX announcements
2025-05-05 19:17:10,330 [INFO] Fetching data from Bitget
2025-05-05 19:17:10,330 [INFO] Fetching upcoming listings from Bitget...
2025-05-05 19:17:10,748 [INFO] Sleeping for 60 seconds...

2025-05-05 19:17:42,124 [INFO] Starting crypto listings fetcher.
2025-05-05 19:17:42,125 [INFO] Starting fetch cycle.
2025-05-05 19:17:42,495 [INFO] Message sent successfully to Telegram
2025-05-05 19:17:42,495 [INFO] Fetching data from Binance
2025-05-05 19:17:42,495 [INFO] Fetching upcoming listings from Binance announcements...
2025-05-05 19:17:42,591 [INFO] Fetching data from Bybit
2025-05-05 19:17:42,591 [INFO] Fetching upcoming listings from Bybit...
2025-05-05 19:17:43,225 [INFO] Found 0 total Bybit announcements
2025-05-05 19:17:43,225 [INFO] Fetching data from OKX
2025-05-05 19:17:43,225 [INFO] Fetching upcoming listings from OKX...
2025-05-05 19:17:43,563 [INFO] Found 0 total OKX announcements
2025-05-05 19:17:43,564 [INFO] Fetching data from Bitget
2025-05-05 19:17:43,565 [INFO] Fetching upcoming listings from Bitget...
2025-05-05 19:17:43,985 [INFO] Sleeping for 3600 seconds...

